Table: addresses

  id  |      city      | state |       street       | street2 |  zip  | user_id 
------+----------------+-------+--------------------+---------+-------+---------
 2355 | Houston        | TX    | 123 Rocket Ln      |         | 77058 |        
 2357 | Cape Canaveral | FL    | 2101 NASA Road 1   |         | 32920 |        
 2359 | Gotham         | NY    | 1 Wayne Road       |         | 10014 |        
 2361 | Los Angeles    | CA    | 1760 Hillhurst Ave |         | 90001 |        
 2363 | Los Angeles    | CA    | 1858 N Vermont Ave |         | 90027 |        
(5 rows)

Table: orders

  id  | fulfilled |      orderdate      | shippingaddress_id | user_id 
------+-----------+---------------------+--------------------+---------
 2365 | t         | 2012-07-15 00:00:00 |                    |    2356
 2366 |           | 2012-09-27 00:00:00 |                    |    2364
 2367 | t         | 2012-02-01 00:00:00 |                    |    2360
(3 rows)

Table: orders_products

 orders_id | products_id 
-----------+-------------
      2365 |        2329
      2365 |        2331
      2366 |        2334
      2366 |        2351
      2366 |        2354
      2366 |        2338
      2367 |        2345
      2367 |        2341
      2367 |        2351
(9 rows)

Table: products

  id  |                       name                        |  price   
------+---------------------------------------------------+----------
 2329 | Spacesuit                                         |     8693
 2330 | Macbook Pro                                       |     4988
 2331 | Computer Repair for Rocket Scientists (Hardcover) |    23.45
 2332 | The Hitchhiker's Guide to the Galaxy              |     10.2
 2333 | La Dex                                            |   343.58
 2334 | Tiptone                                           |   688.05
 2335 | Plus Tex                                          |   986.25
 2336 | Zamstrong                                         |    568.9
 2337 | Techla                                            |   751.33
 2338 | Roundtough                                        |   584.37
 2339 | Bio Home                                          |   742.36
 2340 | Solfind                                           |   415.08
 2341 | Biolux                                            |   605.08
 2342 | Fun-Bam                                           |  5327.44
 2343 | Temp-Dax                                          |  9764.73
 2344 | Yearphase                                         |     73.7
 2345 | Quadtech                                          |  1711.26
 2346 | Rontough                                          |    896.9
 2347 | Kintamtone                                        |   9870.5
 2348 | Joy String                                        |  9429.36
 2349 | Quadfan                                           |  6490.69
 2350 | Roundlotfind                                      |   437.01
 2351 | Bigzamnix                                         | 22677.33
 2352 | Nimin                                             |  7610.94
 2353 | Geo Tax                                           |   273.47
 2354 | Bio Air                                           |   363.26
(26 rows)

Table: users

  id  |        email         | firstname | lastname  
------+----------------------+-----------+-----------
 2356 | dbowman@jpl.nasa.gov | David     | Bowman
 2358 | hfloyd@jpl.nasa.gov  | Heywood   | Floyd
 2360 | bruce@wayne.com      | Bruce     | Wayne
 2362 | walter@geemail.com   | Walter    | Sobchak
 2364 | jules@hotmail.com    | Jules     | Winnfield
(5 rows)

Table: 

